<?xml version="1.0" encoding="UTF-8"?>
<!-- Generated by org.testng.reporters.JUnitReportReporter -->
<testsuite hostname="DESKTOP-4JMMJ4A" failures="0" tests="1" name="com.hashtag.testcases.TC_hashtagQAE" time="8.295" errors="0" timestamp="2023-07-18T14:07:58 IST" skipped="0">
  <testcase classname="com.hashtag.testcases.TC_hashtagQAE" name="verifyApplyNow" time="8.295"/>
  <system-out/>
</testsuite> <!-- com.hashtag.testcases.TC_hashtagQAE -->
